<?xml version="1.0" encoding="UTF-8"?>
<!-- Generated by org.testng.reporters.JUnitReportReporter -->
<testsuite skipped="0" hostname="DESKTOP-8CBT80G" name="com.mindtree.runner.ELocalStoreApp" tests="3" failures="0" timestamp="2021-10-22T12:45:36 IST" time="37.397" errors="0">
  <testcase name="titleCheck" time="0.460" classname="com.mindtree.runner.ELocalStoreApp"/>
  <system-out/>
  <testcase name="loginCheck" time="1.491" classname="com.mindtree.runner.ELocalStoreApp"/>
  <system-out/>
  <testcase name="bookCheckout" time="35.446" classname="com.mindtree.runner.ELocalStoreApp"/>
  <system-out/>
</testsuite> <!-- com.mindtree.runner.ELocalStoreApp -->
