<?xml version="1.0" encoding="UTF-8"?>
<!-- Generated by org.testng.reporters.JUnitReportReporter -->
<testsuite skipped="0" hostname="DESKTOP-8CBT80G" name="com.mindtree.runner.ELocalStoreApp" tests="3" failures="0" timestamp="2021-10-22T12:56:09 IST" time="36.723" errors="0">
  <testcase name="titleCheck" time="0.513" classname="com.mindtree.runner.ELocalStoreApp"/>
  <testcase name="loginCheck" time="1.640" classname="com.mindtree.runner.ELocalStoreApp"/>
  <testcase name="bookCheckout" time="34.570" classname="com.mindtree.runner.ELocalStoreApp"/>
</testsuite> <!-- com.mindtree.runner.ELocalStoreApp -->
